\\adir.hull.ac.uk\home\532\532631\desktop\new folder (3)\acw_wordsearch (2) - copy - copy\acw_wordsearch\x64\debug\vc141.pdb
\\adir.hull.ac.uk\home\532\532631\desktop\new folder (3)\acw_wordsearch (2) - copy - copy\acw_wordsearch\x64\debug\vc141.idb
\\adir.hull.ac.uk\home\532\532631\desktop\new folder (3)\acw_wordsearch (2) - copy - copy\acw_wordsearch\x64\debug\main.obj
\\adir.hull.ac.uk\home\532\532631\desktop\new folder (3)\acw_wordsearch (2) - copy - copy\acw_wordsearch\x64\debug\wordsearch.obj
c:\advanced\new folder (3)\acw_wordsearch (2) - copy - copy\acw_wordsearch\x64\debug\vc141.pdb
c:\advanced\new folder (3)\acw_wordsearch (2) - copy - copy\acw_wordsearch\x64\debug\vc141.idb
c:\advanced\new folder (3)\acw_wordsearch (2) - copy - copy\acw_wordsearch\x64\debug\main.obj
c:\advanced\new folder (3)\acw_wordsearch (2) - copy - copy\acw_wordsearch\x64\debug\wordsearch.obj
\\adir.hull.ac.uk\home\532\532631\desktop\new folder (3)\acw_wordsearch (2) - copy - copy\x64\debug\acw_wordsearch.exe
\\adir.hull.ac.uk\home\532\532631\desktop\new folder (3)\acw_wordsearch (2) - copy - copy\x64\debug\acw_wordsearch.ilk
\\adir.hull.ac.uk\home\532\532631\desktop\new folder (3)\acw_wordsearch (2) - copy - copy\x64\debug\acw_wordsearch.pdb
c:\advanced\new folder (3)\acw_wordsearch (2) - copy - copy\x64\debug\acw_wordsearch.exe
c:\advanced\new folder (3)\acw_wordsearch (2) - copy - copy\x64\debug\acw_wordsearch.ilk
c:\advanced\new folder (3)\acw_wordsearch (2) - copy - copy\x64\debug\acw_wordsearch.pdb
c:\users\ieaun roberts\desktop\new folder (3)\new folder (3)\acw_wordsearch (2) - copy - copy\acw_wordsearch\x64\debug\main.obj
c:\users\ieaun roberts\desktop\new folder (3)\new folder (3)\acw_wordsearch (2) - copy - copy\acw_wordsearch\x64\debug\wordsearch.obj
c:\users\ieaun roberts\desktop\new folder (3)\new folder (3)\acw_wordsearch (2) - copy - copy\acw_wordsearch\x64\debug\vc141.idb
c:\users\ieaun roberts\desktop\new folder (3)\new folder (3)\acw_wordsearch (2) - copy - copy\acw_wordsearch\x64\debug\vc141.pdb
c:\users\ieaun roberts\desktop\new folder (3)\new folder (3)\acw_wordsearch (2) - copy - copy\x64\debug\acw_wordsearch.pdb
c:\users\ieaun roberts\desktop\new folder (3)\new folder (3)\acw_wordsearch (2) - copy - copy\x64\debug\acw_wordsearch.exe
c:\users\ieaun roberts\desktop\new folder (3)\new folder (3)\acw_wordsearch (2) - copy - copy\x64\debug\acw_wordsearch.ilk
c:\users\ieaun roberts\desktop\new folder (3)\new folder (3)\acw_wordsearch (2) - copy - copy\acw_wordsearch\x64\debug\acw_wordsearch.tlog\cl.command.1.tlog
c:\users\ieaun roberts\desktop\new folder (3)\new folder (3)\acw_wordsearch (2) - copy - copy\acw_wordsearch\x64\debug\acw_wordsearch.tlog\cl.read.1.tlog
c:\users\ieaun roberts\desktop\new folder (3)\new folder (3)\acw_wordsearch (2) - copy - copy\acw_wordsearch\x64\debug\acw_wordsearch.tlog\cl.write.1.tlog
c:\users\ieaun roberts\desktop\new folder (3)\new folder (3)\acw_wordsearch (2) - copy - copy\acw_wordsearch\x64\debug\acw_wordsearch.tlog\link.command.1.tlog
c:\users\ieaun roberts\desktop\new folder (3)\new folder (3)\acw_wordsearch (2) - copy - copy\acw_wordsearch\x64\debug\acw_wordsearch.tlog\link.read.1.tlog
c:\users\ieaun roberts\desktop\new folder (3)\new folder (3)\acw_wordsearch (2) - copy - copy\acw_wordsearch\x64\debug\acw_wordsearch.tlog\link.write.1.tlog
